<?xml version="1.0" encoding="UTF-8"?>
<!-- Generated by org.testng.reporters.JUnitXMLReporter -->
<testsuite ignored="0" hostname="admin" failures="0" tests="4" name="Default test" time="8.098" errors="0" timestamp="2023-08-17T10:53:19 IST">
  <testcase classname="api.test.UserTest2" name="testPostUser" time="3.147"/>
  <testcase classname="api.test.UserTest2" name="testGetUserByName" time="1.197"/>
  <testcase classname="api.test.UserTest2" name="testUpdateUserByName" time="2.283"/>
  <testcase classname="api.test.UserTest2" name="testDeleteUserByName" time="1.133"/>
</testsuite> <!-- Default test -->
