<?xml version="1.0" encoding="UTF-8"?>
<!-- Generated by org.testng.reporters.JUnitXMLReporter -->
<testsuite ignored="0" hostname="admin" failures="0" tests="4" name="Test" time="8.656" errors="0" timestamp="2023-08-17T10:57:16 IST">
  <testcase classname="api.test.UserTest2" name="testPostUser" time="3.643"/>
  <testcase classname="api.test.UserTest2" name="testGetUserByName" time="1.165"/>
  <testcase classname="api.test.UserTest2" name="testUpdateUserByName" time="2.243"/>
  <testcase classname="api.test.UserTest2" name="testDeleteUserByName" time="1.231"/>
</testsuite> <!-- Test -->
