<?xml version="1.0" encoding="UTF-8"?>
<!-- Generated by org.testng.reporters.JUnitXMLReporter -->
<testsuite ignored="0" hostname="admin" failures="0" tests="4" name="Test" time="7.389" errors="0" timestamp="2023-08-17T11:59:00 IST">
  <testcase classname="api.test.UserTest2" name="testPostUser" time="2.67"/>
  <testcase classname="api.test.UserTest2" name="testGetUserByName" time="1.145"/>
  <testcase classname="api.test.UserTest2" name="testUpdateUserByName" time="2.194"/>
  <testcase classname="api.test.UserTest2" name="testDeleteUserByName" time="1.127"/>
</testsuite> <!-- Test -->
