<?xml version="1.0" encoding="UTF-8"?>
<testng-results ignored="0" total="4" passed="4" failed="0" skipped="0">
  <reporter-output>
  </reporter-output>
  <suite started-at="2023-08-17T11:58:53 IST" name="Suite" finished-at="2023-08-17T11:59:00 IST" duration-ms="7389">
    <groups>
    </groups>
    <test started-at="2023-08-17T11:58:53 IST" name="Test" finished-at="2023-08-17T11:59:00 IST" duration-ms="7389">
      <class name="api.test.UserTest2">
        <test-method is-config="true" signature="setup()[pri:0, instance:api.test.UserTest2@31c88ec8]" started-at="2023-08-17T11:58:53 IST" name="setup" finished-at="2023-08-17T11:58:53 IST" duration-ms="205" status="PASS">
          <reporter-output>
          </reporter-output>
        </test-method> <!-- setup -->
        <test-method signature="testPostUser()[pri:1, instance:api.test.UserTest2@31c88ec8]" started-at="2023-08-17T11:58:53 IST" name="testPostUser" finished-at="2023-08-17T11:58:56 IST" duration-ms="2670" status="PASS">
          <reporter-output>
          </reporter-output>
        </test-method> <!-- testPostUser -->
        <test-method signature="testGetUserByName()[pri:2, instance:api.test.UserTest2@31c88ec8]" started-at="2023-08-17T11:58:56 IST" name="testGetUserByName" finished-at="2023-08-17T11:58:57 IST" duration-ms="1145" status="PASS">
          <reporter-output>
          </reporter-output>
        </test-method> <!-- testGetUserByName -->
        <test-method signature="testUpdateUserByName()[pri:3, instance:api.test.UserTest2@31c88ec8]" started-at="2023-08-17T11:58:57 IST" name="testUpdateUserByName" finished-at="2023-08-17T11:58:59 IST" duration-ms="2194" status="PASS">
          <reporter-output>
          </reporter-output>
        </test-method> <!-- testUpdateUserByName -->
        <test-method signature="testDeleteUserByName()[pri:4, instance:api.test.UserTest2@31c88ec8]" started-at="2023-08-17T11:58:59 IST" name="testDeleteUserByName" finished-at="2023-08-17T11:59:00 IST" duration-ms="1127" status="PASS">
          <reporter-output>
          </reporter-output>
        </test-method> <!-- testDeleteUserByName -->
      </class> <!-- api.test.UserTest2 -->
    </test> <!-- Test -->
  </suite> <!-- Suite -->
</testng-results>
