<?xml version="1.0" encoding="UTF-8"?>
<testng-results ignored="0" total="4" passed="4" failed="0" skipped="0">
  <reporter-output>
  </reporter-output>
  <suite started-at="2023-08-17T10:57:07 IST" name="Suite" finished-at="2023-08-17T10:57:16 IST" duration-ms="8656">
    <groups>
    </groups>
    <test started-at="2023-08-17T10:57:07 IST" name="Test" finished-at="2023-08-17T10:57:16 IST" duration-ms="8656">
      <class name="api.test.UserTest2">
        <test-method is-config="true" signature="setup()[pri:0, instance:api.test.UserTest2@5824a83d]" started-at="2023-08-17T10:57:07 IST" name="setup" finished-at="2023-08-17T10:57:07 IST" duration-ms="305" status="PASS">
          <reporter-output>
          </reporter-output>
        </test-method> <!-- setup -->
        <test-method signature="testPostUser()[pri:1, instance:api.test.UserTest2@5824a83d]" started-at="2023-08-17T10:57:07 IST" name="testPostUser" finished-at="2023-08-17T10:57:11 IST" duration-ms="3643" status="PASS">
          <reporter-output>
          </reporter-output>
        </test-method> <!-- testPostUser -->
        <test-method signature="testGetUserByName()[pri:2, instance:api.test.UserTest2@5824a83d]" started-at="2023-08-17T10:57:11 IST" name="testGetUserByName" finished-at="2023-08-17T10:57:12 IST" duration-ms="1165" status="PASS">
          <reporter-output>
          </reporter-output>
        </test-method> <!-- testGetUserByName -->
        <test-method signature="testUpdateUserByName()[pri:3, instance:api.test.UserTest2@5824a83d]" started-at="2023-08-17T10:57:12 IST" name="testUpdateUserByName" finished-at="2023-08-17T10:57:14 IST" duration-ms="2243" status="PASS">
          <reporter-output>
          </reporter-output>
        </test-method> <!-- testUpdateUserByName -->
        <test-method signature="testDeleteUserByName()[pri:4, instance:api.test.UserTest2@5824a83d]" started-at="2023-08-17T10:57:14 IST" name="testDeleteUserByName" finished-at="2023-08-17T10:57:16 IST" duration-ms="1231" status="PASS">
          <reporter-output>
          </reporter-output>
        </test-method> <!-- testDeleteUserByName -->
      </class> <!-- api.test.UserTest2 -->
    </test> <!-- Test -->
  </suite> <!-- Suite -->
</testng-results>
